2018-01-22 16:19:38 [scrapy.core.scraper] ERROR: Error processing {'page': 1, 'pro_id': '63490b23-b761-b487-e053-030214acebb1', 'pro_item': {'orgcode': None, 'securitydirectorphone': None, 'engcategory': '专业承包', 'supervisiondirectorphone': '13554991437', 'constructionorgmanagernumber': None, 'englevel': '未知', 'supervision': '深圳市赛格监理有限公司', 'innerperson': None, 'grossarea': '11865.43', 'modifier': None, 'constructionorgmanager': '陈立明', 'success': True, 'del_tag': '1', 'surveyprincipalphone': '13316536080', 'constructionorgmanagerlevel': None, 'constructionorgmanagernum': '132401197909300314', 'pronumber': '44039120170002', 'engnumber': '4403912017000201', 'surveycode': None, 'starttime': None, 'prodepartment': '前海管理局', 'supervisiondirectornumber': None, 'designprincipalphone': '13602592835', 'enginvest': '16783129.34', 'redlinearea': '11865.43', 'extvalue1': None, 'survey': '中国建筑西南勘察设计研究院有限公司', 'designprincipal': '田婧慧', 'modifytime': None, 'funds_collective': None, 'districtnumber': None, 'supervisiondirectorlevel': None, 'supervisiondirector': '罗国光', 'funds_other': None, 'proid': '6c733f69-95a6-4af7-942b-c959bdc0d2b7', 'ssbh': 'JD-2016004-5', 'securitydirector': '{7F000001-0000-0000-7DDE-680600003CA1}', 'funds_private': None, 'funds_foreign': None, 'finishtime': None, 'engname': '招商局集团先期启动项目一期地块一B区桩基工程', 'engcost': None, 'design': '悉地国际设计顾问（深圳）有限公司', 'supervisioncode': '192326629', 'designcode': None, 'constructionorgmanagerphone': '13715309144', 'constructionorg': '深圳市正兴基础建筑工程有限公司', 'constructionorgcode': '553885240', 'professiontype': '房屋建筑', 'funds_state': '100', 'surveyprincipal': '彭勇', 'qualitydirectorphone': None, 'engscale': None, 'isinner': None, 'qualitydirector': None, 'id': '63490b23-b761-b487-e053-030214acebb1', 'registertime': '2018-01-21', 'funds_gov': None, 'supervisiondirectornum': '440301196310313814', 'createtime': None, 'extvalue2': None, 'creator': None, 'engaddress': '深圳市前海妈湾十九单元一街坊'}, 'company': '深圳招商房地产有限公司'}
Traceback (most recent call last):
  File "/usr/local/lib/python3.5/dist-packages/twisted/internet/defer.py", line 653, in _runCallbacks
    current.result = callback(current.result, *args, **kw)
  File "/home/python/Desktop/爬虫/pro_jz-1-19/pro_jz/pipelines.py", line 110, in process_item
    item_exit = self.item_dupfilter(item, spider)
  File "/home/python/Desktop/爬虫/pro_jz-1-19/pro_jz/pipelines.py", line 120, in item_dupfilter
    f.update(str(item["pro_id"]).encode())
TypeError: 'SzProSpider' object is not subscriptable
2018-01-22 16:19:38 [scrapy.core.scraper] ERROR: Error processing {'page': 1, 'pro_id': '63490b23-bab5-b487-e053-030214acebb1', 'pro_item': {'orgcode': None, 'securitydirectorphone': None, 'engcategory': '总包工程', 'supervisiondirectorphone': '13590261539', 'constructionorgmanagernumber': None, 'englevel': '三级', 'supervision': '深圳市建艺国际工程顾问有限公司', 'innerperson': None, 'grossarea': None, 'modifier': None, 'constructionorgmanager': '黄芳兰', 'success': True, 'del_tag': '1', 'surveyprincipalphone': '13538179490', 'constructionorgmanagerlevel': None, 'constructionorgmanagernum': '360722198901022747', 'pronumber': '44030420170097', 'engnumber': '4403042017009701', 'surveycode': None, 'starttime': None, 'prodepartment': '福田区住房和建设局', 'supervisiondirectornumber': None, 'designprincipalphone': '13530687506', 'enginvest': '546.804108（', 'redlinearea': '4715', 'extvalue1': None, 'survey': '中国建筑西南勘察设计研究院有限公司', 'designprincipal': '张艳东', 'modifytime': None, 'funds_collective': None, 'districtnumber': None, 'supervisiondirectorlevel': None, 'supervisiondirector': '王建生', 'funds_other': None, 'proid': '109dc48d-24f9-48b0-b894-287b2bff6376', 'ssbh': 'SSSC17082801-DZ069 ', 'securitydirector': '{AC1E0A3F-0000-0000-1DFB-6A9200001FFD}', 'funds_private': None, 'funds_foreign': None, 'finishtime': None, 'engname': '鹏程二路（福中三路-深南大道段）市政工程', 'engcost': None, 'design': '深圳市综合交通设计研究院有限公司', 'supervisioncode': '192376140', 'designcode': None, 'constructionorgmanagerphone': '13728700770', 'constructionorg': '深圳榕亨实业集团有限公司', 'constructionorgcode': '19233838X', 'professiontype': '市政公用', 'funds_state': None, 'surveyprincipal': '邢飞', 'qualitydirectorphone': None, 'engscale': None, 'isinner': None, 'qualitydirector': None, 'id': '63490b23-bab5-b487-e053-030214acebb1', 'registertime': '2018-01-21', 'funds_gov': '100', 'supervisiondirectornum': '420500196608291110', 'createtime': None, 'extvalue2': None, 'creator': None, 'engaddress': '深圳市福田区鹏程二路'}, 'company': '深圳市福田区建筑工务局'}
Traceback (most recent call last):
  File "/usr/local/lib/python3.5/dist-packages/twisted/internet/defer.py", line 653, in _runCallbacks
    current.result = callback(current.result, *args, **kw)
  File "/home/python/Desktop/爬虫/pro_jz-1-19/pro_jz/pipelines.py", line 110, in process_item
    item_exit = self.item_dupfilter(item, spider)
  File "/home/python/Desktop/爬虫/pro_jz-1-19/pro_jz/pipelines.py", line 120, in item_dupfilter
    f.update(str(item["pro_id"]).encode())
TypeError: 'SzProSpider' object is not subscriptable
2018-01-22 16:19:39 [scrapy.core.scraper] ERROR: Error processing {'page': 1, 'pro_id': '63490b23-b939-b487-e053-030214acebb1', 'pro_item': {'orgcode': None, 'securitydirectorphone': None, 'engcategory': '总包工程', 'supervisiondirectorphone': '18663938036', 'constructionorgmanagernumber': None, 'englevel': '一级', 'supervision': '北京铁研建设监理有限责任公司', 'innerperson': None, 'grossarea': None, 'modifier': None, 'constructionorgmanager': '李勇', 'success': True, 'del_tag': '1', 'surveyprincipalphone': '13823676001', 'constructionorgmanagerlevel': None, 'constructionorgmanagernum': '362425198706101815', 'pronumber': '44039120170086', 'engnumber': '4403912017008601', 'surveycode': None, 'starttime': None, 'prodepartment': '前海管理局', 'supervisiondirectornumber': None, 'designprincipalphone': '13681734372', 'enginvest': '934.46', 'redlinearea': None, 'extvalue1': None, 'survey': '深圳市勘察测绘院有限公司', 'designprincipal': '黄浩华', 'modifytime': None, 'funds_collective': None, 'districtnumber': None, 'supervisiondirectorlevel': None, 'supervisiondirector': '任艳春', 'funds_other': None, 'proid': '57bb68db-a32f-43f0-b5f4-1f88d647a001', 'ssbh': 'QSSC17090708-SZ210', 'securitydirector': '{AC1E0A3F-0000-0000-523E-0DCEFFFFFDE6}', 'funds_private': None, 'funds_foreign': None, 'finishtime': None, 'engname': '前海怡海大道（妈湾二路-妈湾四路）污水管工程', 'engcost': None, 'design': '上海市政工程设计研究总院（集团）有限公司', 'supervisioncode': '102852183', 'designcode': None, 'constructionorgmanagerphone': '18881111133', 'constructionorg': '中铁广州工程局集团有限公司', 'constructionorgcode': 'MA59G0NT5', 'professiontype': '市政公用', 'funds_state': None, 'surveyprincipal': '刁江海', 'qualitydirectorphone': None, 'engscale': None, 'isinner': None, 'qualitydirector': None, 'id': '63490b23-b939-b487-e053-030214acebb1', 'registertime': '2018-01-21', 'funds_gov': '100', 'supervisiondirectornum': '610404197201221014', 'createtime': None, 'extvalue2': None, 'creator': None, 'engaddress': '前海合作区'}, 'company': '深圳市前海开发投资控股有限公司'}
Traceback (most recent call last):
  File "/usr/local/lib/python3.5/dist-packages/twisted/internet/defer.py", line 653, in _runCallbacks
    current.result = callback(current.result, *args, **kw)
  File "/home/python/Desktop/爬虫/pro_jz-1-19/pro_jz/pipelines.py", line 110, in process_item
    item_exit = self.item_dupfilter(item, spider)
  File "/home/python/Desktop/爬虫/pro_jz-1-19/pro_jz/pipelines.py", line 120, in item_dupfilter
    f.update(str(item["pro_id"]).encode())
TypeError: 'SzProSpider' object is not subscriptable
2018-01-22 16:19:39 [scrapy.core.scraper] ERROR: Error processing {'page': 1, 'pro_id': '63490b23-bbc5-b487-e053-030214acebb1', 'pro_item': {'orgcode': None, 'securitydirectorphone': None, 'engcategory': '专业承包', 'supervisiondirectorphone': '18948197881', 'constructionorgmanagernumber': None, 'englevel': '三级', 'supervision': '深圳市燃气工程监理有限公司', 'innerperson': None, 'grossarea': None, 'modifier': None, 'constructionorgmanager': '陆家成', 'success': True, 'del_tag': '1', 'surveyprincipalphone': '13424249218', 'constructionorgmanagerlevel': None, 'constructionorgmanagernum': '430722198910036356', 'pronumber': '44039120150003', 'engnumber': '4403912015000304', 'surveycode': None, 'starttime': None, 'prodepartment': '前海管理局', 'supervisiondirectornumber': None, 'designprincipalphone': '18565680751', 'enginvest': '66.085068', 'redlinearea': '6599.42', 'extvalue1': None, 'survey': '深圳市工勘岩土集团有限公司', 'designprincipal': '徐融', 'modifytime': None, 'funds_collective': None, 'districtnumber': None, 'supervisiondirectorlevel': None, 'supervisiondirector': '王宝童', 'funds_other': None, 'proid': '3e939b42-39e2-e647-ae69-2df04080a7fe', 'ssbh': 'HS1534号', 'securitydirector': '{AC1E0A3F-FFFF-FFFF-AB8B-214F00007E1E}', 'funds_private': None, 'funds_foreign': None, 'finishtime': None, 'engname': '前海自贸大厦燃气工程', 'engcost': None, 'design': '深圳机械院建筑设计有限公司', 'supervisioncode': '279399062', 'designcode': None, 'constructionorgmanagerphone': '15818515760', 'constructionorg': '广东创粤建设有限公司', 'constructionorgcode': '673489365', 'professiontype': '房屋建筑', 'funds_state': '100', 'surveyprincipal': '杨成', 'qualitydirectorphone': None, 'engscale': None, 'isinner': None, 'qualitydirector': None, 'id': '63490b23-bbc5-b487-e053-030214acebb1', 'registertime': '2018-01-21', 'funds_gov': None, 'supervisiondirectornum': '142733198411143319', 'createtime': None, 'extvalue2': None, 'creator': None, 'engaddress': '深圳市前海深港合作区'}, 'company': '深圳市前海开发投资控股有限公司'}
Traceback (most recent call last):
  File "/usr/local/lib/python3.5/dist-packages/twisted/internet/defer.py", line 653, in _runCallbacks
    current.result = callback(current.result, *args, **kw)
  File "/home/python/Desktop/爬虫/pro_jz-1-19/pro_jz/pipelines.py", line 110, in process_item
    item_exit = self.item_dupfilter(item, spider)
  File "/home/python/Desktop/爬虫/pro_jz-1-19/pro_jz/pipelines.py", line 120, in item_dupfilter
    f.update(str(item["pro_id"]).encode())
TypeError: 'SzProSpider' object is not subscriptable
2018-01-22 16:19:39 [scrapy.core.scraper] ERROR: Error processing {'page': 1, 'pro_id': '63490b23-b2c1-b487-e053-030214acebb1', 'pro_item': {'orgcode': None, 'securitydirectorphone': None, 'engcategory': '专业承包', 'supervisiondirectorphone': '13502815544', 'constructionorgmanagernumber': None, 'englevel': '一级', 'supervision': '深圳市合创建设工程顾问有限公司', 'innerperson': None, 'grossarea': '3971', 'modifier': None, 'constructionorgmanager': '陈道远', 'success': True, 'del_tag': '1', 'surveyprincipalphone': '13602529890', 'constructionorgmanagerlevel': None, 'constructionorgmanagernum': '362501196810300676', 'pronumber': '4403062016038', 'engnumber': '440306201603801', 'surveycode': None, 'starttime': None, 'prodepartment': '宝安区建设局', 'supervisiondirectornumber': None, 'designprincipalphone': '18688969943', 'enginvest': '1234.1003', 'redlinearea': '7466.61', 'extvalue1': None, 'survey': '深圳市勘察测绘院有限公司', 'designprincipal': '张本卓【非注册】', 'modifytime': None, 'funds_collective': '100', 'districtnumber': None, 'supervisiondirectorlevel': None, 'supervisiondirector': '赵红宇', 'funds_other': None, 'proid': '76b3a45d-d82a-4a4f-888a-bc9f6d162c46', 'ssbh': 'YSSC16063004-JD022', 'securitydirector': '{7F000001-FFFF-FFFF-C43D-E87500005D90}', 'funds_private': None, 'funds_foreign': None, 'finishtime': None, 'engname': '愉盛大厦土石方、基坑支护', 'engcost': None, 'design': '深圳市勘察研究院有限公司', 'supervisioncode': '754291430', 'designcode': None, 'constructionorgmanagerphone': '13603053036', 'constructionorg': '深圳市盛业地下工程有限公司', 'constructionorgcode': '736298145', 'professiontype': '房屋建筑', 'funds_state': None, 'surveyprincipal': '李伟洲', 'qualitydirectorphone': None, 'engscale': None, 'isinner': None, 'qualitydirector': None, 'id': '63490b23-b2c1-b487-e053-030214acebb1', 'registertime': '2018-01-21', 'funds_gov': None, 'supervisiondirectornum': '420601196803117013', 'createtime': None, 'extvalue2': None, 'creator': None, 'engaddress': '深圳市宝安区新安街道办翻身47区自由路'}, 'company': '深圳市愉盛股份合作公司'}
Traceback (most recent call last):
  File "/usr/local/lib/python3.5/dist-packages/twisted/internet/defer.py", line 653, in _runCallbacks
    current.result = callback(current.result, *args, **kw)
  File "/home/python/Desktop/爬虫/pro_jz-1-19/pro_jz/pipelines.py", line 110, in process_item
    item_exit = self.item_dupfilter(item, spider)
  File "/home/python/Desktop/爬虫/pro_jz-1-19/pro_jz/pipelines.py", line 120, in item_dupfilter
    f.update(str(item["pro_id"]).encode())
TypeError: 'SzProSpider' object is not subscriptable
2018-01-22 16:19:41 [scrapy.core.scraper] ERROR: Error processing {'page': 1, 'pro_id': '63490b23-be29-b487-e053-030214acebb1', 'pro_item': {'orgcode': None, 'securitydirectorphone': None, 'engcategory': '专业承包', 'supervisiondirectorphone': '15112612136', 'constructionorgmanagernumber': None, 'englevel': '二级', 'supervision': '深圳市大众工程管理有限公司', 'innerperson': None, 'grossarea': None, 'modifier': None, 'constructionorgmanager': '李翔', 'success': True, 'del_tag': '1', 'surveyprincipalphone': '13902921053', 'constructionorgmanagerlevel': None, 'constructionorgmanagernum': '320125197412230013', 'pronumber': '44030020120419', 'engnumber': '4403002012041910', 'surveycode': None, 'starttime': None, 'prodepartment': '深圳市住房和建设局', 'supervisiondirectornumber': None, 'designprincipalphone': '13509652123', 'enginvest': '152.241841', 'redlinearea': '51118.61', 'extvalue1': None, 'survey': '深圳市勘察测绘院有限公司', 'designprincipal': '王志军', 'modifytime': None, 'funds_collective': None, 'districtnumber': None, 'supervisiondirectorlevel': None, 'supervisiondirector': '金朝阳', 'funds_other': None, 'proid': '65675633-491c-6c48-93ad-f33eaaf24356', 'ssbh': 'JSSC16041402-DZ055', 'securitydirector': '{AC1E0A3F-FFFF-FFFF-8C63-E54F0000321B}', 'funds_private': None, 'funds_foreign': None, 'finishtime': None, 'engname': '中国科学院深圳先进技术研究院二期建设工程（二标段）外墙涂料产品采购和涂料工程施工', 'engcost': None, 'design': '北方-汉沙杨建筑工程设计有限公司', 'supervisioncode': '192286073', 'designcode': None, 'constructionorgmanagerphone': '13798256732', 'constructionorg': '深圳市嘉达新型城镇建设有限公司', 'constructionorgcode': '326399701', 'professiontype': '房屋建筑', 'funds_state': None, 'surveyprincipal': '陈安平', 'qualitydirectorphone': None, 'engscale': None, 'isinner': None, 'qualitydirector': None, 'id': '63490b23-be29-b487-e053-030214acebb1', 'registertime': '2018-01-19', 'funds_gov': '100', 'supervisiondirectornum': '410103197709202439', 'createtime': None, 'extvalue2': None, 'creator': None, 'engaddress': '深圳市南山区西丽深圳大学城学苑大道1068号'}, 'company': '中国科学院深圳先进技术研究院'}
Traceback (most recent call last):
  File "/usr/local/lib/python3.5/dist-packages/twisted/internet/defer.py", line 653, in _runCallbacks
    current.result = callback(current.result, *args, **kw)
  File "/home/python/Desktop/爬虫/pro_jz-1-19/pro_jz/pipelines.py", line 110, in process_item
    item_exit = self.item_dupfilter(item, spider)
  File "/home/python/Desktop/爬虫/pro_jz-1-19/pro_jz/pipelines.py", line 120, in item_dupfilter
    f.update(str(item["pro_id"]).encode())
TypeError: 'SzProSpider' object is not subscriptable
2018-01-22 16:19:41 [scrapy.core.scraper] ERROR: Error processing {'page': 1, 'pro_id': '63490b23-b00f-b487-e053-030214acebb1', 'pro_item': {'orgcode': None, 'securitydirectorphone': None, 'engcategory': '总包工程', 'supervisiondirectorphone': '13714758800', 'constructionorgmanagernumber': None, 'englevel': '二级', 'supervision': '深圳市全安建设监理有限公司', 'innerperson': None, 'grossarea': None, 'modifier': None, 'constructionorgmanager': '李科', 'success': True, 'del_tag': '1', 'surveyprincipalphone': '00000000000', 'constructionorgmanagerlevel': None, 'constructionorgmanagernum': '519004196712033910', 'pronumber': '44030620170023', 'engnumber': '4403062017002301', 'surveycode': None, 'starttime': None, 'prodepartment': '宝安区建设局', 'supervisiondirectornumber': None, 'designprincipalphone': '13502895451', 'enginvest': '暂定1900', 'redlinearea': '10940', 'extvalue1': None, 'survey': '000000', 'designprincipal': '吴治民', 'modifytime': None, 'funds_collective': None, 'districtnumber': None, 'supervisiondirectorlevel': None, 'supervisiondirector': '罗永灿', 'funds_other': None, 'proid': '90688d9b-abf9-4681-a210-d22598363913', 'ssbh': '11111111', 'securitydirector': '{7F000001-FFFF-FFFF-A1C1-859800004074}', 'funds_private': None, 'funds_foreign': None, 'finishtime': None, 'engname': '老干中心新办公场地装修项目', 'engcost': None, 'design': '深圳市中科建设集团有限公司', 'supervisioncode': '279541073', 'designcode': None, 'constructionorgmanagerphone': '18666822031', 'constructionorg': '深圳市层层高建设工程有限公司', 'constructionorgcode': '192478841', 'professiontype': '装修装饰', 'funds_state': '100', 'surveyprincipal': '000', 'qualitydirectorphone': None, 'engscale': None, 'isinner': None, 'qualitydirector': None, 'id': '63490b23-b00f-b487-e053-030214acebb1', 'registertime': '2018-01-21', 'funds_gov': None, 'supervisiondirectornum': '441423197211262715', 'createtime': None, 'extvalue2': None, 'creator': None, 'engaddress': '深圳市宝安区新安街道新安二路105号'}, 'company': '深圳市宝安建设投资集团有限公司'}
Traceback (most recent call last):
  File "/usr/local/lib/python3.5/dist-packages/twisted/internet/defer.py", line 653, in _runCallbacks
    current.result = callback(current.result, *args, **kw)
  File "/home/python/Desktop/爬虫/pro_jz-1-19/pro_jz/pipelines.py", line 110, in process_item
    item_exit = self.item_dupfilter(item, spider)
  File "/home/python/Desktop/爬虫/pro_jz-1-19/pro_jz/pipelines.py", line 120, in item_dupfilter
    f.update(str(item["pro_id"]).encode())
TypeError: 'SzProSpider' object is not subscriptable
2018-01-22 16:19:42 [scrapy.core.scraper] ERROR: Error processing {'page': 1, 'pro_id': '63490b23-ace3-b487-e053-030214acebb1', 'pro_item': {'orgcode': None, 'securitydirectorphone': None, 'engcategory': '总包工程', 'supervisiondirectorphone': '13500060678', 'constructionorgmanagernumber': None, 'englevel': '一级', 'supervision': '深圳市四海建设监理有限公司', 'innerperson': None, 'grossarea': None, 'modifier': None, 'constructionorgmanager': '夏正兵', 'success': True, 'del_tag': '1', 'surveyprincipalphone': '13828796897', 'constructionorgmanagerlevel': None, 'constructionorgmanagernum': '320925198212083619', 'pronumber': '4403082016086', 'engnumber': '440308201608601', 'surveycode': None, 'starttime': None, 'prodepartment': '盐田区住房和建设局', 'supervisiondirectornumber': None, 'designprincipalphone': '13418606860', 'enginvest': '261.697943', 'redlinearea': '0', 'extvalue1': None, 'survey': '深圳市地质建设工程公司', 'designprincipal': '李工', 'modifytime': None, 'funds_collective': None, 'districtnumber': None, 'supervisiondirectorlevel': None, 'supervisiondirector': '崔学意', 'funds_other': None, 'proid': 'a1a35e30-16b6-46de-a5cb-ee6f4bddc28f', 'ssbh': 'YSSC16062204-DZ106', 'securitydirector': '{7F000001-0000-0000-20EB-089B00005D4E}', 'funds_private': None, 'funds_foreign': None, 'finishtime': None, 'engname': '区福利中心西侧挡墙加固工程', 'engcost': None, 'design': '深圳市地质建设工程公司', 'supervisioncode': '192280333', 'designcode': None, 'constructionorgmanagerphone': '18682366008', 'constructionorg': '江西核工业工程地质勘察院', 'constructionorgcode': '754230451', 'professiontype': '市政公用', 'funds_state': None, 'surveyprincipal': '温工', 'qualitydirectorphone': None, 'engscale': None, 'isinner': None, 'qualitydirector': None, 'id': '63490b23-ace3-b487-e053-030214acebb1', 'registertime': '2018-01-21', 'funds_gov': '100', 'supervisiondirectornum': '420203196910162515', 'createtime': None, 'extvalue2': None, 'creator': None, 'engaddress': '深圳市盐田区福利中心西侧'}, 'company': '深圳市盐田区建筑工程事务局'}
Traceback (most recent call last):
  File "/usr/local/lib/python3.5/dist-packages/twisted/internet/defer.py", line 653, in _runCallbacks
    current.result = callback(current.result, *args, **kw)
  File "/home/python/Desktop/爬虫/pro_jz-1-19/pro_jz/pipelines.py", line 110, in process_item
    item_exit = self.item_dupfilter(item, spider)
  File "/home/python/Desktop/爬虫/pro_jz-1-19/pro_jz/pipelines.py", line 120, in item_dupfilter
    f.update(str(item["pro_id"]).encode())
TypeError: 'SzProSpider' object is not subscriptable
2018-01-22 16:19:42 [scrapy.core.scraper] ERROR: Error processing {'page': 1, 'pro_id': '63490b23-a755-b487-e053-030214acebb1', 'pro_item': {'orgcode': None, 'securitydirectorphone': None, 'engcategory': '专业承包', 'supervisiondirectorphone': '18344258455', 'constructionorgmanagernumber': None, 'englevel': '一级', 'supervision': '深圳市合创建设工程顾问有限公司', 'innerperson': None, 'grossarea': None, 'modifier': None, 'constructionorgmanager': '胡庆红', 'success': True, 'del_tag': '1', 'surveyprincipalphone': '13554847896', 'constructionorgmanagerlevel': None, 'constructionorgmanagernum': '360481196610190016', 'pronumber': '44030020110100', 'engnumber': '4403002011010003', 'surveycode': None, 'starttime': None, 'prodepartment': '深圳市住房和建设局', 'supervisiondirectornumber': None, 'designprincipalphone': '13509662069', 'enginvest': '3548.431298', 'redlinearea': '5009.35', 'extvalue1': None, 'survey': None, 'designprincipal': '王亚杰', 'modifytime': None, 'funds_collective': None, 'districtnumber': None, 'supervisiondirectorlevel': None, 'supervisiondirector': '付朝发', 'funds_other': None, 'proid': '7444f826-599c-4f77-a173-b98b17ff1d29', 'ssbh': 'QSSC15090203-AY070', 'securitydirector': '{7F000001-FFFF-FFFF-90F4-FE24000024AB}', 'funds_private': None, 'funds_foreign': None, 'finishtime': None, 'engname': '中国人寿大厦公共区域精装修工程Ⅲ标段', 'engcost': None, 'design': '深圳市华阳国际工程设计有限公司', 'supervisioncode': '754291430', 'designcode': None, 'constructionorgmanagerphone': '18344258455', 'constructionorg': '深圳市深装总装饰工程工业有限公司', 'constructionorgcode': '192195606', 'professiontype': '房屋建筑', 'funds_state': '100', 'surveyprincipal': '吴常友', 'qualitydirectorphone': None, 'engscale': None, 'isinner': None, 'qualitydirector': None, 'id': '63490b23-a755-b487-e053-030214acebb1', 'registertime': '2018-01-21', 'funds_gov': None, 'supervisiondirectornum': '230404196303230151', 'createtime': None, 'extvalue2': None, 'creator': None, 'engaddress': '深圳福田中心区南区'}, 'company': '中国人寿保险股份有限公司'}
Traceback (most recent call last):
  File "/usr/local/lib/python3.5/dist-packages/twisted/internet/defer.py", line 653, in _runCallbacks
    current.result = callback(current.result, *args, **kw)
  File "/home/python/Desktop/爬虫/pro_jz-1-19/pro_jz/pipelines.py", line 110, in process_item
    item_exit = self.item_dupfilter(item, spider)
  File "/home/python/Desktop/爬虫/pro_jz-1-19/pro_jz/pipelines.py", line 120, in item_dupfilter
    f.update(str(item["pro_id"]).encode())
TypeError: 'SzProSpider' object is not subscriptable
2018-01-22 16:19:42 [scrapy.core.scraper] ERROR: Error processing {'page': 1, 'pro_id': '63490b23-ba95-b487-e053-030214acebb1', 'pro_item': {'orgcode': None, 'securitydirectorphone': None, 'engcategory': '总包工程', 'supervisiondirectorphone': '13316993620', 'constructionorgmanagernumber': None, 'englevel': '一级', 'supervision': '深圳华西建设工程管理有限公司', 'innerperson': None, 'grossarea': '208028.72', 'modifier': None, 'constructionorgmanager': '付恒', 'success': True, 'del_tag': '1', 'surveyprincipalphone': '13924629320', 'constructionorgmanagerlevel': None, 'constructionorgmanagernum': '110106198409270918', 'pronumber': '44030020140259', 'engnumber': '4403002014025907', 'surveycode': None, 'starttime': None, 'prodepartment': '深圳市住房和建设局', 'supervisiondirectornumber': None, 'designprincipalphone': '13428992709', 'enginvest': '180500', 'redlinearea': '68285.89', 'extvalue1': None, 'survey': '深圳市市政设计研究院有限公司', 'designprincipal': '丁荣', 'modifytime': None, 'funds_collective': None, 'districtnumber': None, 'supervisiondirectorlevel': None, 'supervisiondirector': '肖瑞', 'funds_other': '100', 'proid': '882dea74-d0d6-5243-a62c-dbc5befd122e', 'ssbh': 'JSSC17042601-AY024', 'securitydirector': '{AC1E0A3F-FFFF-FFFF-9B28-9E5B00007E06}', 'funds_private': None, 'funds_foreign': None, 'finishtime': None, 'engname': '深湾汇云中心五期', 'engcost': None, 'design': '深圳市欧博工程设计顾问有限公司', 'supervisioncode': '192193061', 'designcode': None, 'constructionorgmanagerphone': '13798281197', 'constructionorg': '中国建筑一局（集团）有限公司', 'constructionorgcode': '101107173', 'professiontype': '房屋建筑', 'funds_state': None, 'surveyprincipal': '陈发波', 'qualitydirectorphone': None, 'engscale': None, 'isinner': None, 'qualitydirector': None, 'id': '63490b23-ba95-b487-e053-030214acebb1', 'registertime': '2018-01-15', 'funds_gov': None, 'supervisiondirectornum': '420620195807090633', 'createtime': None, 'extvalue2': None, 'creator': None, 'engaddress': '深圳市南山区红树湾片区'}, 'company': '深圳市地铁集团有限公司'}
Traceback (most recent call last):
  File "/usr/local/lib/python3.5/dist-packages/twisted/internet/defer.py", line 653, in _runCallbacks
    current.result = callback(current.result, *args, **kw)
  File "/home/python/Desktop/爬虫/pro_jz-1-19/pro_jz/pipelines.py", line 110, in process_item
    item_exit = self.item_dupfilter(item, spider)
  File "/home/python/Desktop/爬虫/pro_jz-1-19/pro_jz/pipelines.py", line 120, in item_dupfilter
    f.update(str(item["pro_id"]).encode())
TypeError: 'SzProSpider' object is not subscriptable
2018-01-22 16:19:43 [scrapy.core.scraper] ERROR: Error processing {'page': 1, 'pro_id': '63490b23-bb45-b487-e053-030214acebb1', 'pro_item': {'orgcode': None, 'securitydirectorphone': None, 'engcategory': '总包工程', 'supervisiondirectorphone': '13502836661', 'constructionorgmanagernumber': None, 'englevel': '未知', 'supervision': '深圳市昊源建设监理有限公司', 'innerperson': None, 'grossarea': '147637.69', 'modifier': None, 'constructionorgmanager': '熊明', 'success': True, 'del_tag': '1', 'surveyprincipalphone': '13922819580', 'constructionorgmanagerlevel': None, 'constructionorgmanagernum': '432421197301299454', 'pronumber': '44030020170221', 'engnumber': '4403002017022102', 'surveycode': None, 'starttime': None, 'prodepartment': '深圳市住房和建设局', 'supervisiondirectornumber': None, 'designprincipalphone': '15818773832', 'enginvest': '40008.717851', 'redlinearea': '50000.1', 'extvalue1': None, 'survey': '深圳地质建设工程公司', 'designprincipal': '王博华', 'modifytime': None, 'funds_collective': None, 'districtnumber': None, 'supervisiondirectorlevel': None, 'supervisiondirector': '戴文彬', 'funds_other': '70', 'proid': 'c591005a-16c3-4c36-bf0d-998bb87cb351', 'ssbh': 'JSSC17111305-HS065', 'securitydirector': '{AC1E0A3F-FFFF-FFFF-9AFE-050BFFFF80B5}', 'funds_private': None, 'funds_foreign': '30', 'finishtime': None, 'engname': '深圳龙珠医院（一期）改扩建主体工程', 'engcost': None, 'design': '深圳市建筑设计研究总院有限公司', 'supervisioncode': '708437750', 'designcode': None, 'constructionorgmanagerphone': '13829258601', 'constructionorg': '中国建筑一局（集团）有限公司', 'constructionorgcode': '101107173', 'professiontype': '房屋建筑', 'funds_state': None, 'surveyprincipal': '魏建军', 'qualitydirectorphone': None, 'engscale': None, 'isinner': None, 'qualitydirector': None, 'id': '63490b23-bb45-b487-e053-030214acebb1', 'registertime': '2017-12-29', 'funds_gov': None, 'supervisiondirectornum': '440301195303132316', 'createtime': None, 'extvalue2': None, 'creator': None, 'engaddress': '深圳市南山区西丽龙苑路16号'}, 'company': '深圳龙珠医院'}
Traceback (most recent call last):
  File "/usr/local/lib/python3.5/dist-packages/twisted/internet/defer.py", line 653, in _runCallbacks
    current.result = callback(current.result, *args, **kw)
  File "/home/python/Desktop/爬虫/pro_jz-1-19/pro_jz/pipelines.py", line 110, in process_item
    item_exit = self.item_dupfilter(item, spider)
  File "/home/python/Desktop/爬虫/pro_jz-1-19/pro_jz/pipelines.py", line 120, in item_dupfilter
    f.update(str(item["pro_id"]).encode())
TypeError: 'SzProSpider' object is not subscriptable
2018-01-22 16:19:43 [scrapy.core.scraper] ERROR: Error processing {'page': 1, 'pro_id': '63490b23-be25-b487-e053-030214acebb1', 'pro_item': {'orgcode': None, 'securitydirectorphone': None, 'engcategory': '专业承包', 'supervisiondirectorphone': '13920027545', 'constructionorgmanagernumber': None, 'englevel': '一级', 'supervision': '深圳市华建工程项目管理有限公司', 'innerperson': None, 'grossarea': None, 'modifier': None, 'constructionorgmanager': '项淑华', 'success': True, 'del_tag': '1', 'surveyprincipalphone': '13728986630', 'constructionorgmanagerlevel': None, 'constructionorgmanagernum': '342122197109033646', 'pronumber': '44030720170861', 'engnumber': '4403072017086101', 'surveycode': None, 'starttime': None, 'prodepartment': '龙岗区住房和建设局', 'supervisiondirectornumber': None, 'designprincipalphone': '13728986630', 'enginvest': '603.878299', 'redlinearea': '0', 'extvalue1': None, 'survey': '浙江华东建设工程有限公司', 'designprincipal': '陈刚【注册】', 'modifytime': None, 'funds_collective': None, 'districtnumber': None, 'supervisiondirectorlevel': None, 'supervisiondirector': '程正中', 'funds_other': None, 'proid': '4c17e555-0f60-465f-a011-3c5adbbdaf92', 'ssbh': 'YSSC17082804-DQ099', 'securitydirector': '{AC1E0A3F-FFFF-FFFF-B4C9-9DCB00002455}', 'funds_private': None, 'funds_foreign': None, 'finishtime': None, 'engname': '龙岗街道同心社区恒福厂后边坡等6个边坡治理工程', 'engcost': None, 'design': '浙江华东建设工程有限公司', 'supervisioncode': '192365214', 'designcode': None, 'constructionorgmanagerphone': '13590315005', 'constructionorg': '中园园林股份有限公司', 'constructionorgcode': '766561346', 'professiontype': '市政公用', 'funds_state': None, 'surveyprincipal': '付关伟', 'qualitydirectorphone': None, 'engscale': None, 'isinner': None, 'qualitydirector': None, 'id': '63490b23-be25-b487-e053-030214acebb1', 'registertime': '2018-01-18', 'funds_gov': '100', 'supervisiondirectornum': '429006196312144516', 'createtime': None, 'extvalue2': None, 'creator': None, 'engaddress': '深圳市龙岗区'}, 'company': '深圳市龙岗区建筑工务局'}
Traceback (most recent call last):
  File "/usr/local/lib/python3.5/dist-packages/twisted/internet/defer.py", line 653, in _runCallbacks
    current.result = callback(current.result, *args, **kw)
  File "/home/python/Desktop/爬虫/pro_jz-1-19/pro_jz/pipelines.py", line 110, in process_item
    item_exit = self.item_dupfilter(item, spider)
  File "/home/python/Desktop/爬虫/pro_jz-1-19/pro_jz/pipelines.py", line 120, in item_dupfilter
    f.update(str(item["pro_id"]).encode())
TypeError: 'SzProSpider' object is not subscriptable
2018-01-22 16:19:43 [scrapy.core.scraper] ERROR: Error processing {'page': 1, 'pro_id': '63490b23-ba3d-b487-e053-030214acebb1', 'pro_item': {'orgcode': None, 'securitydirectorphone': None, 'engcategory': '专业承包', 'supervisiondirectorphone': '13076990002', 'constructionorgmanagernumber': None, 'englevel': '一级', 'supervision': '深圳市鲁班建设监理有限公司', 'innerperson': None, 'grossarea': None, 'modifier': None, 'constructionorgmanager': '刘俊宝', 'success': True, 'del_tag': '1', 'surveyprincipalphone': '13502847818', 'constructionorgmanagerlevel': None, 'constructionorgmanagernum': '152921196311050017', 'pronumber': '44030920170069', 'engnumber': '4403092017006901', 'surveycode': None, 'starttime': None, 'prodepartment': '大鹏新区生态保护和城市建设管理局', 'supervisiondirectornumber': None, 'designprincipalphone': '13798515076', 'enginvest': '2479.615563', 'redlinearea': None, 'extvalue1': None, 'survey': '中国有色金属工业昆明勘察设计研究院', 'designprincipal': '黄卓', 'modifytime': None, 'funds_collective': None, 'districtnumber': None, 'supervisiondirectorlevel': None, 'supervisiondirector': '魏琴', 'funds_other': None, 'proid': 'cd792b28-52f7-4200-8230-933853bb496b', 'ssbh': 'JSSC17012302-DY011', 'securitydirector': '{AC1E0A3F-FFFF-FFFF-90A1-23D400004F80}', 'funds_private': None, 'funds_foreign': None, 'finishtime': None, 'engname': '深圳市十一高级中学学术报告厅声光电系统集成及装修工程', 'engcost': None, 'design': '奥意建筑工程设计有限公司', 'supervisioncode': '19223197X', 'designcode': None, 'constructionorgmanagerphone': '18926789742', 'constructionorg': '深圳市深装总装饰股份有限公司', 'constructionorgcode': '192195606', 'professiontype': '装修装饰', 'funds_state': None, 'surveyprincipal': '李永红', 'qualitydirectorphone': None, 'engscale': None, 'isinner': None, 'qualitydirector': None, 'id': '63490b23-ba3d-b487-e053-030214acebb1', 'registertime': '2018-01-02', 'funds_gov': '100', 'supervisiondirectornum': '63282519700924002X', 'createtime': None, 'extvalue2': None, 'creator': None, 'engaddress': '深圳市大鹏新区'}, 'company': '大鹏新区建筑工务局'}
Traceback (most recent call last):
  File "/usr/local/lib/python3.5/dist-packages/twisted/internet/defer.py", line 653, in _runCallbacks
    current.result = callback(current.result, *args, **kw)
  File "/home/python/Desktop/爬虫/pro_jz-1-19/pro_jz/pipelines.py", line 110, in process_item
    item_exit = self.item_dupfilter(item, spider)
  File "/home/python/Desktop/爬虫/pro_jz-1-19/pro_jz/pipelines.py", line 120, in item_dupfilter
    f.update(str(item["pro_id"]).encode())
TypeError: 'SzProSpider' object is not subscriptable
2018-01-22 16:19:44 [scrapy.core.scraper] ERROR: Error processing {'page': 1, 'pro_id': '63490b23-b969-b487-e053-030214acebb1', 'pro_item': {'orgcode': None, 'securitydirectorphone': None, 'engcategory': '专业承包', 'supervisiondirectorphone': '13430635187', 'constructionorgmanagernumber': None, 'englevel': '二级', 'supervision': '深圳市邦迪工程顾问有限公司', 'innerperson': None, 'grossarea': None, 'modifier': None, 'constructionorgmanager': '宋俊珍', 'success': True, 'del_tag': '1', 'surveyprincipalphone': '13823716537', 'constructionorgmanagerlevel': None, 'constructionorgmanagernum': '150105197703024538', 'pronumber': '44030020140208', 'engnumber': '4403002014020808', 'surveycode': None, 'starttime': None, 'prodepartment': '深圳市住房和建设局', 'supervisiondirectornumber': None, 'designprincipalphone': '13509696205', 'enginvest': '286.764025', 'redlinearea': '11162.98', 'extvalue1': None, 'survey': '深圳市勘察测绘院有限公司', 'designprincipal': '刘瑛', 'modifytime': None, 'funds_collective': None, 'districtnumber': None, 'supervisiondirectorlevel': None, 'supervisiondirector': '郭建国', 'funds_other': None, 'proid': '3e4a886c-6a9e-cd41-ab24-06eb9d63fcb0', 'ssbh': 'JSSC16062201-HS017', 'securitydirector': '{AC1E0A3F-0000-0000-6E78-6E36FFFFC5B8}', 'funds_private': None, 'funds_foreign': None, 'finishtime': None, 'engname': '裕璟幸福家园项目外墙建筑涂料产品供货和涂料工程', 'engcost': None, 'design': '中国建筑股份有限公司', 'supervisioncode': '192244033', 'designcode': None, 'constructionorgmanagerphone': '13715285210', 'constructionorg': '深圳市嘉达新型城镇建设有限公司', 'constructionorgcode': '326399701', 'professiontype': '房屋建筑', 'funds_state': None, 'surveyprincipal': '龚旭亚', 'qualitydirectorphone': None, 'engscale': None, 'isinner': None, 'qualitydirector': None, 'id': '63490b23-b969-b487-e053-030214acebb1', 'registertime': '2018-01-15', 'funds_gov': '100', 'supervisiondirectornum': '432424197208056019', 'createtime': None, 'extvalue2': None, 'creator': None, 'engaddress': '坪山新区祥心路东侧，规划南坪快速路北侧'}, 'company': '深圳市住宅工程管理站'}
Traceback (most recent call last):
  File "/usr/local/lib/python3.5/dist-packages/twisted/internet/defer.py", line 653, in _runCallbacks
    current.result = callback(current.result, *args, **kw)
  File "/home/python/Desktop/爬虫/pro_jz-1-19/pro_jz/pipelines.py", line 110, in process_item
    item_exit = self.item_dupfilter(item, spider)
  File "/home/python/Desktop/爬虫/pro_jz-1-19/pro_jz/pipelines.py", line 120, in item_dupfilter
    f.update(str(item["pro_id"]).encode())
TypeError: 'SzProSpider' object is not subscriptable
2018-01-22 16:19:44 [scrapy.core.scraper] ERROR: Error processing {'page': 1, 'pro_id': '63490b23-b9b9-b487-e053-030214acebb1', 'pro_item': {'orgcode': None, 'securitydirectorphone': None, 'engcategory': '专业承包', 'supervisiondirectorphone': '13873098070', 'constructionorgmanagernumber': None, 'englevel': '一级', 'supervision': '中海监理有限公司', 'innerperson': None, 'grossarea': '5500', 'modifier': None, 'constructionorgmanager': '孔德才', 'success': True, 'del_tag': '1', 'surveyprincipalphone': '13631658647', 'constructionorgmanagerlevel': None, 'constructionorgmanagernum': '413029197408132036', 'pronumber': '44030020120716', 'engnumber': '4403002012071616', 'surveycode': None, 'starttime': None, 'prodepartment': '深圳市住房和建设局', 'supervisiondirectornumber': None, 'designprincipalphone': '13603028391', 'enginvest': '2937.65967', 'redlinearea': '7260.06', 'extvalue1': None, 'survey': '深圳市勘察测绘院有限公司', 'designprincipal': '林镇海', 'modifytime': None, 'funds_collective': None, 'districtnumber': None, 'supervisiondirectorlevel': None, 'supervisiondirector': '张昌桂', 'funds_other': None, 'proid': '73112e15-8232-0b42-b119-2169eb5114f1', 'ssbh': 'QSSC17120501-AY125', 'securitydirector': '{AC1E0A3F-0000-0000-0D19-BE0500000058}', 'funds_private': None, 'funds_foreign': None, 'finishtime': None, 'engname': '基金大厦项目公共部分精装修工程', 'engcost': None, 'design': '深圳市建筑设计研究总院有限公司', 'supervisioncode': '192362152', 'designcode': None, 'constructionorgmanagerphone': '13825254028', 'constructionorg': '中建深圳装饰有限公司', 'constructionorgcode': '192201180', 'professiontype': '房屋建筑', 'funds_state': '100', 'surveyprincipal': '刘宏伟', 'qualitydirectorphone': None, 'engscale': None, 'isinner': None, 'qualitydirector': None, 'id': '63490b23-b9b9-b487-e053-030214acebb1', 'registertime': '2018-01-05', 'funds_gov': None, 'supervisiondirectornum': '421002197903014213', 'createtime': None, 'extvalue2': None, 'creator': None, 'engaddress': '深圳市福田中心区深南中路与益田路交汇处'}, 'company': '南方基金管理有限公司'}
Traceback (most recent call last):
  File "/usr/local/lib/python3.5/dist-packages/twisted/internet/defer.py", line 653, in _runCallbacks
    current.result = callback(current.result, *args, **kw)
  File "/home/python/Desktop/爬虫/pro_jz-1-19/pro_jz/pipelines.py", line 110, in process_item
    item_exit = self.item_dupfilter(item, spider)
  File "/home/python/Desktop/爬虫/pro_jz-1-19/pro_jz/pipelines.py", line 120, in item_dupfilter
    f.update(str(item["pro_id"]).encode())
TypeError: 'SzProSpider' object is not subscriptable
2018-01-22 16:19:44 [scrapy.core.scraper] ERROR: Error processing {'page': 1, 'pro_id': '63490b23-bd81-b487-e053-030214acebb1', 'pro_item': {'orgcode': None, 'securitydirectorphone': None, 'engcategory': '总包工程', 'supervisiondirectorphone': '075525413688', 'constructionorgmanagernumber': None, 'englevel': '三级', 'supervision': '深圳市建艺国际工程顾问有限公司', 'innerperson': None, 'grossarea': None, 'modifier': None, 'constructionorgmanager': '黄芳兰', 'success': True, 'del_tag': '1', 'surveyprincipalphone': '15820400450', 'constructionorgmanagerlevel': None, 'constructionorgmanagernum': '360722198901022747', 'pronumber': '44030420170097', 'engnumber': '4403042017009702', 'surveycode': None, 'starttime': None, 'prodepartment': '福田区住房和建设局', 'supervisiondirectornumber': None, 'designprincipalphone': '13530687506', 'enginvest': '546.804108', 'redlinearea': '4715', 'extvalue1': None, 'survey': '深圳市工勘岩土集团有限公司', 'designprincipal': '张艳东', 'modifytime': None, 'funds_collective': None, 'districtnumber': None, 'supervisiondirectorlevel': None, 'supervisiondirector': '王建生', 'funds_other': None, 'proid': '109dc48d-24f9-48b0-b894-287b2bff6376', 'ssbh': 'SSSC17082801-DZ069', 'securitydirector': '{AC1E0A3F-0000-0000-00C4-8D8200002806}', 'funds_private': None, 'funds_foreign': None, 'finishtime': None, 'engname': '鹏程二路（福中三路-深南大道段）市政工程', 'engcost': None, 'design': '深圳市综合交通设计研究院有限公司', 'supervisioncode': '192376140', 'designcode': None, 'constructionorgmanagerphone': '13728700770', 'constructionorg': '深圳榕亨实业集团有限公司', 'constructionorgcode': '19233838X', 'professiontype': '市政公用', 'funds_state': None, 'surveyprincipal': '潘启钊', 'qualitydirectorphone': None, 'engscale': None, 'isinner': None, 'qualitydirector': None, 'id': '63490b23-bd81-b487-e053-030214acebb1', 'registertime': '2018-01-18', 'funds_gov': '100', 'supervisiondirectornum': '420500196608291110', 'createtime': None, 'extvalue2': None, 'creator': None, 'engaddress': '深圳市福田区鹏程二路'}, 'company': '深圳市福田区建筑工务局'}
Traceback (most recent call last):
  File "/usr/local/lib/python3.5/dist-packages/twisted/internet/defer.py", line 653, in _runCallbacks
    current.result = callback(current.result, *args, **kw)
  File "/home/python/Desktop/爬虫/pro_jz-1-19/pro_jz/pipelines.py", line 110, in process_item
    item_exit = self.item_dupfilter(item, spider)
  File "/home/python/Desktop/爬虫/pro_jz-1-19/pro_jz/pipelines.py", line 120, in item_dupfilter
    f.update(str(item["pro_id"]).encode())
TypeError: 'SzProSpider' object is not subscriptable
2018-01-22 16:19:44 [scrapy.core.scraper] ERROR: Error processing {'page': 1, 'pro_id': '63490b23-ba89-b487-e053-030214acebb1', 'pro_item': {'orgcode': None, 'securitydirectorphone': None, 'engcategory': '总包工程', 'supervisiondirectorphone': '13510821666', 'constructionorgmanagernumber': None, 'englevel': '三级', 'supervision': '深圳市九州建设技术股份有限公司', 'innerperson': None, 'grossarea': None, 'modifier': None, 'constructionorgmanager': '孙传锋', 'success': True, 'del_tag': '1', 'surveyprincipalphone': '18038153391', 'constructionorgmanagerlevel': None, 'constructionorgmanagernum': '432624196504046313', 'pronumber': '44030020170094', 'engnumber': '4403002017009401', 'surveycode': None, 'starttime': None, 'prodepartment': '深圳市住房和建设局', 'supervisiondirectornumber': None, 'designprincipalphone': '13249460562', 'enginvest': '1392.617477', 'redlinearea': '无', 'extvalue1': None, 'survey': '无', 'designprincipal': '陈书庆', 'modifytime': None, 'funds_collective': None, 'districtnumber': None, 'supervisiondirectorlevel': None, 'supervisiondirector': '徐珣', 'funds_other': None, 'proid': '9a2c1fc8-edd6-4b5c-a9d4-412c77aedd96', 'ssbh': 'QSSC17082507-SD072', 'securitydirector': '{AC1E0A3F-0000-0000-352D-4F3E00000FCE}', 'funds_private': None, 'funds_foreign': None, 'finishtime': None, 'engname': '清华大学深圳研究生院校舍整体修缮工程', 'engcost': None, 'design': '广东悉筑建筑设计有限公司', 'supervisioncode': '192360878', 'designcode': None, 'constructionorgmanagerphone': '15118095535', 'constructionorg': '深圳市天惠建筑工程有限公司', 'constructionorgcode': '752535470', 'professiontype': '装修装饰', 'funds_state': None, 'surveyprincipal': '无', 'qualitydirectorphone': None, 'engscale': None, 'isinner': None, 'qualitydirector': None, 'id': '63490b23-ba89-b487-e053-030214acebb1', 'registertime': '2018-01-03', 'funds_gov': '100', 'supervisiondirectornum': '320522198201213915', 'createtime': None, 'extvalue2': None, 'creator': None, 'engaddress': '深圳市南山区西丽大学城清华大学研究生院校区'}, 'company': '清华大学深圳研究生院'}
Traceback (most recent call last):
  File "/usr/local/lib/python3.5/dist-packages/twisted/internet/defer.py", line 653, in _runCallbacks
    current.result = callback(current.result, *args, **kw)
  File "/home/python/Desktop/爬虫/pro_jz-1-19/pro_jz/pipelines.py", line 110, in process_item
    item_exit = self.item_dupfilter(item, spider)
  File "/home/python/Desktop/爬虫/pro_jz-1-19/pro_jz/pipelines.py", line 120, in item_dupfilter
    f.update(str(item["pro_id"]).encode())
TypeError: 'SzProSpider' object is not subscriptable
2018-01-22 16:19:46 [scrapy.core.scraper] ERROR: Error processing {'page': 1, 'pro_id': '63490b23-ba6b-b487-e053-030214acebb1', 'pro_item': {'orgcode': None, 'securitydirectorphone': None, 'engcategory': '专业承包', 'supervisiondirectorphone': '13829937632', 'constructionorgmanagernumber': None, 'englevel': '未知', 'supervision': '深圳现代建设监理有限公司', 'innerperson': None, 'grossarea': None, 'modifier': None, 'constructionorgmanager': '唐科明', 'success': True, 'del_tag': '1', 'surveyprincipalphone': '13632989922', 'constructionorgmanagerlevel': None, 'constructionorgmanagernum': '510227196804103215', 'pronumber': '44038720170154', 'engnumber': '4403872017015402', 'surveycode': None, 'starttime': None, 'prodepartment': '光明新区住房和建设局', 'supervisiondirectornumber': None, 'designprincipalphone': '13510266723', 'enginvest': '1495.074955', 'redlinearea': '19399.11', 'extvalue1': None, 'survey': '深圳市建设综合勘察设计院有限公司', 'designprincipal': '李锐', 'modifytime': None, 'funds_collective': None, 'districtnumber': None, 'supervisiondirectorlevel': None, 'supervisiondirector': '张风鹏', 'funds_other': None, 'proid': 'c3f59fb9-6cc4-4d58-bbad-371bac9a0123', 'ssbh': 'JSSC17090601-DZ073', 'securitydirector': '{AC1E0A3F-FFFF-FFFF-99AA-18CC000076C2}', 'funds_private': '100', 'funds_foreign': None, 'finishtime': None, 'engname': '勤诚达正大城花园一期（A607-0847） \r\n7栋地基与基础工程', 'engcost': None, 'design': '深圳市建筑设计研究总院有限公司', 'supervisioncode': '61929003X', 'designcode': None, 'constructionorgmanagerphone': '18938020663', 'constructionorg': '中国建筑第二工程局有限公司', 'constructionorgcode': '100024296', 'professiontype': '房屋建筑', 'funds_state': None, 'surveyprincipal': '易宙子', 'qualitydirectorphone': None, 'engscale': None, 'isinner': None, 'qualitydirector': None, 'id': '63490b23-ba6b-b487-e053-030214acebb1', 'registertime': '2018-01-05', 'funds_gov': None, 'supervisiondirectornum': '43052219780825487X', 'createtime': None, 'extvalue2': None, 'creator': None, 'engaddress': '光明新区玉塘街道光侨路与元圳路交汇处(A607-0847)'}, 'company': '深圳市岗隆实业有限公司'}
Traceback (most recent call last):
  File "/usr/local/lib/python3.5/dist-packages/twisted/internet/defer.py", line 653, in _runCallbacks
    current.result = callback(current.result, *args, **kw)
  File "/home/python/Desktop/爬虫/pro_jz-1-19/pro_jz/pipelines.py", line 110, in process_item
    item_exit = self.item_dupfilter(item, spider)
  File "/home/python/Desktop/爬虫/pro_jz-1-19/pro_jz/pipelines.py", line 120, in item_dupfilter
    f.update(str(item["pro_id"]).encode())
TypeError: 'SzProSpider' object is not subscriptable
2018-01-22 16:19:46 [scrapy.core.scraper] ERROR: Error processing {'page': 1, 'pro_id': '63490b23-bafb-b487-e053-030214acebb1', 'pro_item': {'orgcode': None, 'securitydirectorphone': None, 'engcategory': '总包工程', 'supervisiondirectorphone': '13534250216', 'constructionorgmanagernumber': None, 'englevel': '二级', 'supervision': '深圳市利源水务设计咨询有限公司', 'innerperson': None, 'grossarea': '5848', 'modifier': None, 'constructionorgmanager': '蔺颖', 'success': True, 'del_tag': '1', 'surveyprincipalphone': '13710045416', 'constructionorgmanagerlevel': None, 'constructionorgmanagernum': '37028319840731002X', 'pronumber': '4403002016175', 'engnumber': '440300201617502', 'surveycode': None, 'starttime': None, 'prodepartment': '深圳市住房和建设局', 'supervisiondirectornumber': None, 'designprincipalphone': '13612808859', 'enginvest': '5600.96813', 'redlinearea': '629943.5', 'extvalue1': None, 'survey': '广州市市政工程设计研究总院', 'designprincipal': '张勇', 'modifytime': None, 'funds_collective': None, 'districtnumber': None, 'supervisiondirectorlevel': None, 'supervisiondirector': '闫广林', 'funds_other': None, 'proid': 'f0dc8a0a-2402-43cf-915c-5ba886f5ff4e', 'ssbh': 'SSSC17041803-SZ039', 'securitydirector': '{AC1E0A3F-FFFF-FFFF-B603-6DFC00002712}', 'funds_private': None, 'funds_foreign': None, 'finishtime': None, 'engname': '广东核电生活区污水收集处理系统整体改造', 'engcost': None, 'design': '中国市政工程西南设计院总院有限公司', 'supervisioncode': '192227495', 'designcode': None, 'constructionorgmanagerphone': '18678823000', 'constructionorg': '中广核宏达环境科技有限责任公司', 'constructionorgcode': '740216173', 'professiontype': '房屋建筑', 'funds_state': '100', 'surveyprincipal': '赵华', 'qualitydirectorphone': None, 'engscale': None, 'isinner': None, 'qualitydirector': None, 'id': '63490b23-bafb-b487-e053-030214acebb1', 'registertime': '2018-01-12', 'funds_gov': None, 'supervisiondirectornum': '142703196809153333', 'createtime': None, 'extvalue2': None, 'creator': None, 'engaddress': '大亚湾核电基地东南角海边内'}, 'company': '广东核电合营有限公司'}
Traceback (most recent call last):
  File "/usr/local/lib/python3.5/dist-packages/twisted/internet/defer.py", line 653, in _runCallbacks
    current.result = callback(current.result, *args, **kw)
  File "/home/python/Desktop/爬虫/pro_jz-1-19/pro_jz/pipelines.py", line 110, in process_item
    item_exit = self.item_dupfilter(item, spider)
  File "/home/python/Desktop/爬虫/pro_jz-1-19/pro_jz/pipelines.py", line 120, in item_dupfilter
    f.update(str(item["pro_id"]).encode())
TypeError: 'SzProSpider' object is not subscriptable
2018-01-22 16:19:47 [scrapy.core.scraper] ERROR: Error processing {'page': 1, 'pro_id': '63490b23-bb8f-b487-e053-030214acebb1', 'pro_item': {'orgcode': None, 'securitydirectorphone': None, 'engcategory': '总包工程', 'supervisiondirectorphone': '18938901780', 'constructionorgmanagernumber': None, 'englevel': '一级', 'supervision': '广州万安建设监理有限公司', 'innerperson': None, 'grossarea': None, 'modifier': None, 'constructionorgmanager': '李志俊', 'success': True, 'del_tag': '1', 'surveyprincipalphone': '13640956377', 'constructionorgmanagerlevel': None, 'constructionorgmanagernum': '431023198805280030', 'pronumber': '44030720161147', 'engnumber': '4403072016114701', 'surveycode': None, 'starttime': None, 'prodepartment': '龙岗区住房和建设局', 'supervisiondirectornumber': None, 'designprincipalphone': '13902936799', 'enginvest': '1081.480525', 'redlinearea': None, 'extvalue1': None, 'survey': '深圳市勘察研究院有限公司', 'designprincipal': '陈加红【注册】', 'modifytime': None, 'funds_collective': None, 'districtnumber': None, 'supervisiondirectorlevel': None, 'supervisiondirector': '王桂东', 'funds_other': None, 'proid': '348125d4-1657-4f73-a88a-c61aade5d035', 'ssbh': 'YSSC17072002-SK062', 'securitydirector': '{AC1E0A3F-FFFF-FFFF-906D-490700003ECF}', 'funds_private': None, 'funds_foreign': None, 'finishtime': None, 'engname': '平湖垃圾焚烧发电厂炉渣堆放场地质灾害治理工程', 'engcost': None, 'design': '深圳市勘察研究院有限公司', 'supervisioncode': '231219552', 'designcode': None, 'constructionorgmanagerphone': '13923885624', 'constructionorg': '广东星辰建设(集团)有限公司', 'constructionorgcode': '770332888', 'professiontype': '市政公用', 'funds_state': None, 'surveyprincipal': '陈加红', 'qualitydirectorphone': None, 'engscale': None, 'isinner': None, 'qualitydirector': None, 'id': '63490b23-bb8f-b487-e053-030214acebb1', 'registertime': '2018-01-11', 'funds_gov': '100', 'supervisiondirectornum': '432501196808215526', 'createtime': None, 'extvalue2': None, 'creator': None, 'engaddress': '深圳市龙岗区平湖街道辅城坳社区富安大道38号'}, 'company': '深圳市龙岗区城市管理局'}
Traceback (most recent call last):
  File "/usr/local/lib/python3.5/dist-packages/twisted/internet/defer.py", line 653, in _runCallbacks
    current.result = callback(current.result, *args, **kw)
  File "/home/python/Desktop/爬虫/pro_jz-1-19/pro_jz/pipelines.py", line 110, in process_item
    item_exit = self.item_dupfilter(item, spider)
  File "/home/python/Desktop/爬虫/pro_jz-1-19/pro_jz/pipelines.py", line 120, in item_dupfilter
    f.update(str(item["pro_id"]).encode())
TypeError: 'SzProSpider' object is not subscriptable
